 
****************************************
Report : area
Design : booth_fsm
Version: K-2015.06
Date   : Mon Jan  3 14:29:51 2022
****************************************

Library(s) Used:

    typical (File: /home/IC/smic180/digital/sc/synopsys/typical.db)

Number of ports:                          297
Number of nets:                          1429
Number of cells:                         1200
Number of combinational cells:            902
Number of sequential cells:               296
Number of macros/black boxes:               0
Number of buf/inv:                        120
Number of references:                      43

Combinational area:              13448.635328
Buf/Inv area:                      804.988811
Noncombinational area:           18644.471741
Macro/Black Box area:                0.000000
Net Interconnect area:      undefined  (No wire load specified)

Total cell area:                 32093.107069
Total area:                 undefined

Hierarchical area distribution
------------------------------

                                  Global cell area            Local cell area
                                  -------------------  ------------------------------ 
Hierarchical cell                 Absolute    Percent  Combi-      Noncombi-   Black-
                                  Total       Total    national    national    boxes   Design
--------------------------------  ----------  -------  ----------  ----------  ------  -----------------------
booth_fsm                         32093.1071    100.0  10491.4657  18644.4717  0.0000  booth_fsm
add_x_4                            1410.3936      4.4   1410.3936      0.0000  0.0000  booth_fsm_DW01_inc_J3_0
sub_x_2                            1546.7760      4.8   1546.7760      0.0000  0.0000  booth_fsm_DW01_sub_0
--------------------------------  ----------  -------  ----------  ----------  ------  -----------------------
Total                                                  13448.6353  18644.4717  0.0000

1
